<?xml version="1.0" encoding="UTF-8"?>
<!-- Generated by org.testng.reporters.JUnitReportReporter -->
<testsuite name="Framework.AppTest" tests="1" time="0.084" ignored="0" failures="0" timestamp="25 May 2019 03:26:02 GMT" skipped="0" hostname="RUSHIT" errors="0">
  <testcase name="shouldAnswerWithTrue" time="0.084" classname="Framework.AppTest"/>
</testsuite> <!-- Framework.AppTest -->
