<?xml version="1.0" encoding="UTF-8"?>
<!-- Generated by org.testng.reporters.JUnitReportReporter -->
<testsuite name="Framework.LoginTest2" tests="1" time="22.761" ignored="0" failures="0" timestamp="20 Jun 2019 02:45:20 GMT" skipped="0" hostname="RUSHIT" errors="0">
  <testcase name="LoginApp" time="22.761" classname="Framework.LoginTest2"/>
</testsuite> <!-- Framework.LoginTest2 -->
